[2024-10-29 16:53:35.153] [alevinLog] [info] Found 193713 transcripts(+0 decoys, +47 short and +0 duplicate names in the index)
[2024-10-29 16:53:35.253] [alevinLog] [info] Filled with 193760 txp to gene entries 
[2024-10-29 16:53:35.269] [alevinLog] [info] Found all transcripts to gene mappings
[2024-10-29 16:53:35.283] [alevinLog] [info] Processing barcodes files (if Present) 

 
[2024-10-29 16:54:49.335] [alevinLog] [info] Done barcode density calculation.
[2024-10-29 16:54:49.335] [alevinLog] [info] # Barcodes Used: [32m52846757[0m / [31m52846763[0m.
[2024-10-29 16:54:53.508] [alevinLog] [info] Knee found left boundary at [32m 2951 [0m
[2024-10-29 16:54:55.567] [alevinLog] [info] Gauss Corrected Boundary at [32m 2857 [0m
[2024-10-29 16:54:55.567] [alevinLog] [info] Learned InvCov: 165.877 normfactor: 2747.31
[2024-10-29 16:54:55.567] [alevinLog] [info] Total [32m3855[0m(has [32m997[0m low confidence) barcodes
[2024-10-29 16:54:56.293] [alevinLog] [info] Done True Barcode Sampling
[2024-10-29 16:54:56.432] [alevinLog] [info] Total 13.9366% reads will be thrown away because of noisy Cellular barcodes.
[2024-10-29 16:54:56.564] [alevinLog] [info] Done populating Z matrix
[2024-10-29 16:54:56.586] [alevinLog] [info] Total 96205 CB got sequence corrected
[2024-10-29 16:54:56.591] [alevinLog] [info] Done indexing Barcodes
[2024-10-29 16:54:56.591] [alevinLog] [info] Total Unique barcodes found: 1511307
[2024-10-29 16:54:56.591] [alevinLog] [info] Used Barcodes except Whitelist: 91778
[2024-10-29 16:54:56.677] [alevinLog] [info] Done with Barcode Processing; Moving to Quantify

[2024-10-29 16:54:56.677] [alevinLog] [info] parsing read library format
[2024-10-29 16:59:23.144] [alevinLog] [info] Starting optimizer


[2024-10-29 16:59:23.877] [alevinLog] [warning] mrna file not provided; using is 1 less feature for whitelisting
[2024-10-29 16:59:23.877] [alevinLog] [warning] rrna file not provided; using is 1 less feature for whitelisting
[2024-10-29 17:00:02.082] [alevinLog] [info] Total 6317622.00 UMI after deduplicating.
[2024-10-29 17:00:02.082] [alevinLog] [info] Total 14392802 BiDirected Edges.
[2024-10-29 17:00:02.082] [alevinLog] [info] Total 495555 UniDirected Edges.
[2024-10-29 17:00:02.126] [alevinLog] [info] Clearing EqMap; Might take some time.
[2024-10-29 17:00:03.125] [alevinLog] [info] Starting white listing of 3854 cells
[2024-10-29 17:00:03.125] [alevinLog] [info] Starting to make feature Matrix
[2024-10-29 17:00:03.171] [alevinLog] [info] Done making feature Matrix
[2024-10-29 17:00:03.877] [alevinLog] [info] Finished white listing
[2024-10-29 17:00:04.578] [alevinLog] [info] Starting dumping cell v gene counts in mtx format
[2024-10-29 17:00:08.197] [alevinLog] [info] Finished dumping counts into mtx
[2024-10-29 17:00:08.202] [alevinLog] [info] Finished optimizer
